<?xml version="1.0" encoding="UTF-8"?>
<testsuite xmlns:xsi="http://www.w3.org/2001/XMLSchema-instance" xsi:noNamespaceSchemaLocation="https://maven.apache.org/surefire/maven-surefire-plugin/xsd/surefire-test-report.xsd" name="com.mashibing.AppTest" time="0.014" tests="1" errors="0" skipped="0" failures="0">
  <properties>
    <property name="gopherProxySet" value="false"/>
    <property name="awt.toolkit" value="sun.lwawt.macosx.LWCToolkit"/>
    <property name="file.encoding.pkg" value="sun.io"/>
    <property name="java.specification.version" value="1.8"/>
    <property name="sun.cpu.isalist" value=""/>
    <property name="sun.jnu.encoding" value="UTF-8"/>
    <property name="java.class.path" value="/Users/xiaowei/WorkSpace/ideaWorkSpace/online-taxis-public/api-passenger/target/test-classes:/Users/xiaowei/WorkSpace/ideaWorkSpace/online-taxis-public/api-passenger/target/classes:/Users/xiaowei/devTools/Maven/maven-repository/junit/junit/3.8.1/junit-3.8.1.jar:/Users/xiaowei/devTools/Maven/maven-repository/org/springframework/boot/spring-boot-starter-web/2.4.2/spring-boot-starter-web-2.4.2.jar:/Users/xiaowei/devTools/Maven/maven-repository/org/springframework/boot/spring-boot-starter/2.4.2/spring-boot-starter-2.4.2.jar:/Users/xiaowei/devTools/Maven/maven-repository/org/springframework/boot/spring-boot/2.4.2/spring-boot-2.4.2.jar:/Users/xiaowei/devTools/Maven/maven-repository/org/springframework/boot/spring-boot-autoconfigure/2.4.2/spring-boot-autoconfigure-2.4.2.jar:/Users/xiaowei/devTools/Maven/maven-repository/org/springframework/boot/spring-boot-starter-logging/2.4.2/spring-boot-starter-logging-2.4.2.jar:/Users/xiaowei/devTools/Maven/maven-repository/ch/qos/logback/logback-classic/1.2.3/logback-classic-1.2.3.jar:/Users/xiaowei/devTools/Maven/maven-repository/ch/qos/logback/logback-core/1.2.3/logback-core-1.2.3.jar:/Users/xiaowei/devTools/Maven/maven-repository/org/apache/logging/log4j/log4j-to-slf4j/2.13.3/log4j-to-slf4j-2.13.3.jar:/Users/xiaowei/devTools/Maven/maven-repository/org/apache/logging/log4j/log4j-api/2.13.3/log4j-api-2.13.3.jar:/Users/xiaowei/devTools/Maven/maven-repository/org/slf4j/jul-to-slf4j/1.7.30/jul-to-slf4j-1.7.30.jar:/Users/xiaowei/devTools/Maven/maven-repository/jakarta/annotation/jakarta.annotation-api/1.3.5/jakarta.annotation-api-1.3.5.jar:/Users/xiaowei/devTools/Maven/maven-repository/org/springframework/spring-core/5.3.3/spring-core-5.3.3.jar:/Users/xiaowei/devTools/Maven/maven-repository/org/springframework/spring-jcl/5.3.3/spring-jcl-5.3.3.jar:/Users/xiaowei/devTools/Maven/maven-repository/org/yaml/snakeyaml/1.27/snakeyaml-1.27.jar:/Users/xiaowei/devTools/Maven/maven-repository/org/springframework/boot/spring-boot-starter-json/2.4.2/spring-boot-starter-json-2.4.2.jar:/Users/xiaowei/devTools/Maven/maven-repository/com/fasterxml/jackson/datatype/jackson-datatype-jdk8/2.11.4/jackson-datatype-jdk8-2.11.4.jar:/Users/xiaowei/devTools/Maven/maven-repository/com/fasterxml/jackson/datatype/jackson-datatype-jsr310/2.11.4/jackson-datatype-jsr310-2.11.4.jar:/Users/xiaowei/devTools/Maven/maven-repository/com/fasterxml/jackson/module/jackson-module-parameter-names/2.11.4/jackson-module-parameter-names-2.11.4.jar:/Users/xiaowei/devTools/Maven/maven-repository/org/springframework/boot/spring-boot-starter-tomcat/2.4.2/spring-boot-starter-tomcat-2.4.2.jar:/Users/xiaowei/devTools/Maven/maven-repository/org/apache/tomcat/embed/tomcat-embed-core/9.0.41/tomcat-embed-core-9.0.41.jar:/Users/xiaowei/devTools/Maven/maven-repository/org/glassfish/jakarta.el/3.0.3/jakarta.el-3.0.3.jar:/Users/xiaowei/devTools/Maven/maven-repository/org/apache/tomcat/embed/tomcat-embed-websocket/9.0.41/tomcat-embed-websocket-9.0.41.jar:/Users/xiaowei/devTools/Maven/maven-repository/org/springframework/spring-web/5.3.3/spring-web-5.3.3.jar:/Users/xiaowei/devTools/Maven/maven-repository/org/springframework/spring-beans/5.3.3/spring-beans-5.3.3.jar:/Users/xiaowei/devTools/Maven/maven-repository/org/springframework/spring-webmvc/5.3.3/spring-webmvc-5.3.3.jar:/Users/xiaowei/devTools/Maven/maven-repository/org/springframework/spring-aop/5.3.3/spring-aop-5.3.3.jar:/Users/xiaowei/devTools/Maven/maven-repository/org/springframework/spring-context/5.3.3/spring-context-5.3.3.jar:/Users/xiaowei/devTools/Maven/maven-repository/org/springframework/spring-expression/5.3.3/spring-expression-5.3.3.jar:/Users/xiaowei/devTools/Maven/maven-repository/com/alibaba/cloud/spring-cloud-starter-alibaba-nacos-discovery/2021.1/spring-cloud-starter-alibaba-nacos-discovery-2021.1.jar:/Users/xiaowei/devTools/Maven/maven-repository/com/alibaba/cloud/spring-cloud-alibaba-commons/2021.1/spring-cloud-alibaba-commons-2021.1.jar:/Users/xiaowei/devTools/Maven/maven-repository/com/alibaba/nacos/nacos-client/1.4.1/nacos-client-1.4.1.jar:/Users/xiaowei/devTools/Maven/maven-repository/com/alibaba/nacos/nacos-common/1.4.1/nacos-common-1.4.1.jar:/Users/xiaowei/devTools/Maven/maven-repository/commons-io/commons-io/2.2/commons-io-2.2.jar:/Users/xiaowei/devTools/Maven/maven-repository/org/apache/httpcomponents/httpasyncclient/4.1.4/httpasyncclient-4.1.4.jar:/Users/xiaowei/devTools/Maven/maven-repository/org/apache/httpcomponents/httpcore/4.4.14/httpcore-4.4.14.jar:/Users/xiaowei/devTools/Maven/maven-repository/org/apache/httpcomponents/httpcore-nio/4.4.14/httpcore-nio-4.4.14.jar:/Users/xiaowei/devTools/Maven/maven-repository/org/apache/httpcomponents/httpclient/4.5.13/httpclient-4.5.13.jar:/Users/xiaowei/devTools/Maven/maven-repository/com/alibaba/nacos/nacos-api/1.4.1/nacos-api-1.4.1.jar:/Users/xiaowei/devTools/Maven/maven-repository/com/google/guava/guava/24.1.1-jre/guava-24.1.1-jre.jar:/Users/xiaowei/devTools/Maven/maven-repository/com/google/code/findbugs/jsr305/1.3.9/jsr305-1.3.9.jar:/Users/xiaowei/devTools/Maven/maven-repository/org/checkerframework/checker-compat-qual/2.0.0/checker-compat-qual-2.0.0.jar:/Users/xiaowei/devTools/Maven/maven-repository/com/google/errorprone/error_prone_annotations/2.1.3/error_prone_annotations-2.1.3.jar:/Users/xiaowei/devTools/Maven/maven-repository/com/google/j2objc/j2objc-annotations/1.1/j2objc-annotations-1.1.jar:/Users/xiaowei/devTools/Maven/maven-repository/org/codehaus/mojo/animal-sniffer-annotations/1.14/animal-sniffer-annotations-1.14.jar:/Users/xiaowei/devTools/Maven/maven-repository/com/fasterxml/jackson/core/jackson-core/2.11.4/jackson-core-2.11.4.jar:/Users/xiaowei/devTools/Maven/maven-repository/io/prometheus/simpleclient/0.5.0/simpleclient-0.5.0.jar:/Users/xiaowei/devTools/Maven/maven-repository/com/alibaba/spring/spring-context-support/1.0.10/spring-context-support-1.0.10.jar:/Users/xiaowei/devTools/Maven/maven-repository/org/springframework/cloud/spring-cloud-commons/3.0.1/spring-cloud-commons-3.0.1.jar:/Users/xiaowei/devTools/Maven/maven-repository/org/springframework/security/spring-security-crypto/5.4.2/spring-security-crypto-5.4.2.jar:/Users/xiaowei/devTools/Maven/maven-repository/org/springframework/cloud/spring-cloud-context/3.0.1/spring-cloud-context-3.0.1.jar:/Users/xiaowei/devTools/Maven/maven-repository/org/springframework/cloud/spring-cloud-starter-loadbalancer/3.0.1/spring-cloud-starter-loadbalancer-3.0.1.jar:/Users/xiaowei/devTools/Maven/maven-repository/org/springframework/cloud/spring-cloud-starter/3.0.1/spring-cloud-starter-3.0.1.jar:/Users/xiaowei/devTools/Maven/maven-repository/org/springframework/security/spring-security-rsa/1.0.9.RELEASE/spring-security-rsa-1.0.9.RELEASE.jar:/Users/xiaowei/devTools/Maven/maven-repository/org/bouncycastle/bcpkix-jdk15on/1.64/bcpkix-jdk15on-1.64.jar:/Users/xiaowei/devTools/Maven/maven-repository/org/bouncycastle/bcprov-jdk15on/1.64/bcprov-jdk15on-1.64.jar:/Users/xiaowei/devTools/Maven/maven-repository/org/springframework/cloud/spring-cloud-loadbalancer/3.0.1/spring-cloud-loadbalancer-3.0.1.jar:/Users/xiaowei/devTools/Maven/maven-repository/org/springframework/boot/spring-boot-starter-validation/2.4.2/spring-boot-starter-validation-2.4.2.jar:/Users/xiaowei/devTools/Maven/maven-repository/org/hibernate/validator/hibernate-validator/6.1.7.Final/hibernate-validator-6.1.7.Final.jar:/Users/xiaowei/devTools/Maven/maven-repository/jakarta/validation/jakarta.validation-api/2.0.2/jakarta.validation-api-2.0.2.jar:/Users/xiaowei/devTools/Maven/maven-repository/org/jboss/logging/jboss-logging/3.4.1.Final/jboss-logging-3.4.1.Final.jar:/Users/xiaowei/devTools/Maven/maven-repository/com/fasterxml/classmate/1.5.1/classmate-1.5.1.jar:/Users/xiaowei/devTools/Maven/maven-repository/io/projectreactor/reactor-core/3.4.2/reactor-core-3.4.2.jar:/Users/xiaowei/devTools/Maven/maven-repository/org/reactivestreams/reactive-streams/1.0.3/reactive-streams-1.0.3.jar:/Users/xiaowei/devTools/Maven/maven-repository/io/projectreactor/addons/reactor-extra/3.4.2/reactor-extra-3.4.2.jar:/Users/xiaowei/devTools/Maven/maven-repository/org/springframework/boot/spring-boot-starter-cache/2.4.2/spring-boot-starter-cache-2.4.2.jar:/Users/xiaowei/devTools/Maven/maven-repository/org/springframework/spring-context-support/5.3.3/spring-context-support-5.3.3.jar:/Users/xiaowei/devTools/Maven/maven-repository/com/stoyanr/evictor/1.0.0/evictor-1.0.0.jar:/Users/xiaowei/devTools/Maven/maven-repository/org/springframework/cloud/spring-cloud-starter-openfeign/3.0.1/spring-cloud-starter-openfeign-3.0.1.jar:/Users/xiaowei/devTools/Maven/maven-repository/org/springframework/cloud/spring-cloud-openfeign-core/3.0.1/spring-cloud-openfeign-core-3.0.1.jar:/Users/xiaowei/devTools/Maven/maven-repository/org/springframework/boot/spring-boot-starter-aop/2.4.2/spring-boot-starter-aop-2.4.2.jar:/Users/xiaowei/devTools/Maven/maven-repository/org/aspectj/aspectjweaver/1.9.6/aspectjweaver-1.9.6.jar:/Users/xiaowei/devTools/Maven/maven-repository/io/github/openfeign/form/feign-form-spring/3.8.0/feign-form-spring-3.8.0.jar:/Users/xiaowei/devTools/Maven/maven-repository/io/github/openfeign/form/feign-form/3.8.0/feign-form-3.8.0.jar:/Users/xiaowei/devTools/Maven/maven-repository/commons-fileupload/commons-fileupload/1.4/commons-fileupload-1.4.jar:/Users/xiaowei/devTools/Maven/maven-repository/io/github/openfeign/feign-core/10.10.1/feign-core-10.10.1.jar:/Users/xiaowei/devTools/Maven/maven-repository/io/github/openfeign/feign-slf4j/10.10.1/feign-slf4j-10.10.1.jar:/Users/xiaowei/devTools/Maven/maven-repository/org/slf4j/slf4j-api/1.7.30/slf4j-api-1.7.30.jar:/Users/xiaowei/devTools/Maven/maven-repository/org/springframework/boot/spring-boot-starter-data-redis/2.4.2/spring-boot-starter-data-redis-2.4.2.jar:/Users/xiaowei/devTools/Maven/maven-repository/org/springframework/data/spring-data-redis/2.4.3/spring-data-redis-2.4.3.jar:/Users/xiaowei/devTools/Maven/maven-repository/org/springframework/data/spring-data-keyvalue/2.4.3/spring-data-keyvalue-2.4.3.jar:/Users/xiaowei/devTools/Maven/maven-repository/org/springframework/data/spring-data-commons/2.4.3/spring-data-commons-2.4.3.jar:/Users/xiaowei/devTools/Maven/maven-repository/org/springframework/spring-tx/5.3.3/spring-tx-5.3.3.jar:/Users/xiaowei/devTools/Maven/maven-repository/org/springframework/spring-oxm/5.3.3/spring-oxm-5.3.3.jar:/Users/xiaowei/devTools/Maven/maven-repository/io/lettuce/lettuce-core/6.0.2.RELEASE/lettuce-core-6.0.2.RELEASE.jar:/Users/xiaowei/devTools/Maven/maven-repository/io/netty/netty-common/4.1.58.Final/netty-common-4.1.58.Final.jar:/Users/xiaowei/devTools/Maven/maven-repository/io/netty/netty-handler/4.1.58.Final/netty-handler-4.1.58.Final.jar:/Users/xiaowei/devTools/Maven/maven-repository/io/netty/netty-resolver/4.1.58.Final/netty-resolver-4.1.58.Final.jar:/Users/xiaowei/devTools/Maven/maven-repository/io/netty/netty-buffer/4.1.58.Final/netty-buffer-4.1.58.Final.jar:/Users/xiaowei/devTools/Maven/maven-repository/io/netty/netty-codec/4.1.58.Final/netty-codec-4.1.58.Final.jar:/Users/xiaowei/devTools/Maven/maven-repository/io/netty/netty-transport/4.1.58.Final/netty-transport-4.1.58.Final.jar:/Users/xiaowei/WorkSpace/ideaWorkSpace/online-taxis-public/internal-common/target/internal-common-1.0-SNAPSHOT.jar:/Users/xiaowei/devTools/Maven/maven-repository/org/projectlombok/lombok/1.18.24/lombok-1.18.24.jar:/Users/xiaowei/devTools/Maven/maven-repository/net/sf/json-lib/json-lib/2.4/json-lib-2.4-jdk15.jar:/Users/xiaowei/devTools/Maven/maven-repository/commons-beanutils/commons-beanutils/1.8.0/commons-beanutils-1.8.0.jar:/Users/xiaowei/devTools/Maven/maven-repository/commons-collections/commons-collections/3.2.1/commons-collections-3.2.1.jar:/Users/xiaowei/devTools/Maven/maven-repository/commons-lang/commons-lang/2.5/commons-lang-2.5.jar:/Users/xiaowei/devTools/Maven/maven-repository/commons-logging/commons-logging/1.1.1/commons-logging-1.1.1.jar:/Users/xiaowei/devTools/Maven/maven-repository/net/sf/ezmorph/ezmorph/1.0.6/ezmorph-1.0.6.jar:/Users/xiaowei/devTools/Maven/maven-repository/com/auth0/java-jwt/3.14.0/java-jwt-3.14.0.jar:/Users/xiaowei/devTools/Maven/maven-repository/com/fasterxml/jackson/core/jackson-databind/2.11.4/jackson-databind-2.11.4.jar:/Users/xiaowei/devTools/Maven/maven-repository/com/fasterxml/jackson/core/jackson-annotations/2.11.4/jackson-annotations-2.11.4.jar:/Users/xiaowei/devTools/Maven/maven-repository/commons-codec/commons-codec/1.15/commons-codec-1.15.jar:"/>
    <property name="java.vm.vendor" value="Oracle Corporation"/>
    <property name="sun.arch.data.model" value="64"/>
    <property name="java.vendor.url" value="http://java.oracle.com/"/>
    <property name="user.timezone" value=""/>
    <property name="java.vm.specification.version" value="1.8"/>
    <property name="os.name" value="Mac OS X"/>
    <property name="user.country" value="CN"/>
    <property name="sun.java.launcher" value="SUN_STANDARD"/>
    <property name="sun.boot.library.path" value="/Library/Java/JavaVirtualMachines/jdk1.8.0_351.jdk/Contents/Home/jre/lib"/>
    <property name="sun.java.command" value="/Users/xiaowei/WorkSpace/ideaWorkSpace/online-taxis-public/api-passenger/target/surefire/surefirebooter7217054419832933724.jar /Users/xiaowei/WorkSpace/ideaWorkSpace/online-taxis-public/api-passenger/target/surefire 2022-12-04T15-28-07_821-jvmRun1 surefire5952925495759824303tmp surefire_13659923194538492197tmp"/>
    <property name="http.nonProxyHosts" value="local|*.local|169.254/16|*.169.254/16"/>
    <property name="surefire.test.class.path" value="/Users/xiaowei/WorkSpace/ideaWorkSpace/online-taxis-public/api-passenger/target/test-classes:/Users/xiaowei/WorkSpace/ideaWorkSpace/online-taxis-public/api-passenger/target/classes:/Users/xiaowei/devTools/Maven/maven-repository/junit/junit/3.8.1/junit-3.8.1.jar:/Users/xiaowei/devTools/Maven/maven-repository/org/springframework/boot/spring-boot-starter-web/2.4.2/spring-boot-starter-web-2.4.2.jar:/Users/xiaowei/devTools/Maven/maven-repository/org/springframework/boot/spring-boot-starter/2.4.2/spring-boot-starter-2.4.2.jar:/Users/xiaowei/devTools/Maven/maven-repository/org/springframework/boot/spring-boot/2.4.2/spring-boot-2.4.2.jar:/Users/xiaowei/devTools/Maven/maven-repository/org/springframework/boot/spring-boot-autoconfigure/2.4.2/spring-boot-autoconfigure-2.4.2.jar:/Users/xiaowei/devTools/Maven/maven-repository/org/springframework/boot/spring-boot-starter-logging/2.4.2/spring-boot-starter-logging-2.4.2.jar:/Users/xiaowei/devTools/Maven/maven-repository/ch/qos/logback/logback-classic/1.2.3/logback-classic-1.2.3.jar:/Users/xiaowei/devTools/Maven/maven-repository/ch/qos/logback/logback-core/1.2.3/logback-core-1.2.3.jar:/Users/xiaowei/devTools/Maven/maven-repository/org/apache/logging/log4j/log4j-to-slf4j/2.13.3/log4j-to-slf4j-2.13.3.jar:/Users/xiaowei/devTools/Maven/maven-repository/org/apache/logging/log4j/log4j-api/2.13.3/log4j-api-2.13.3.jar:/Users/xiaowei/devTools/Maven/maven-repository/org/slf4j/jul-to-slf4j/1.7.30/jul-to-slf4j-1.7.30.jar:/Users/xiaowei/devTools/Maven/maven-repository/jakarta/annotation/jakarta.annotation-api/1.3.5/jakarta.annotation-api-1.3.5.jar:/Users/xiaowei/devTools/Maven/maven-repository/org/springframework/spring-core/5.3.3/spring-core-5.3.3.jar:/Users/xiaowei/devTools/Maven/maven-repository/org/springframework/spring-jcl/5.3.3/spring-jcl-5.3.3.jar:/Users/xiaowei/devTools/Maven/maven-repository/org/yaml/snakeyaml/1.27/snakeyaml-1.27.jar:/Users/xiaowei/devTools/Maven/maven-repository/org/springframework/boot/spring-boot-starter-json/2.4.2/spring-boot-starter-json-2.4.2.jar:/Users/xiaowei/devTools/Maven/maven-repository/com/fasterxml/jackson/datatype/jackson-datatype-jdk8/2.11.4/jackson-datatype-jdk8-2.11.4.jar:/Users/xiaowei/devTools/Maven/maven-repository/com/fasterxml/jackson/datatype/jackson-datatype-jsr310/2.11.4/jackson-datatype-jsr310-2.11.4.jar:/Users/xiaowei/devTools/Maven/maven-repository/com/fasterxml/jackson/module/jackson-module-parameter-names/2.11.4/jackson-module-parameter-names-2.11.4.jar:/Users/xiaowei/devTools/Maven/maven-repository/org/springframework/boot/spring-boot-starter-tomcat/2.4.2/spring-boot-starter-tomcat-2.4.2.jar:/Users/xiaowei/devTools/Maven/maven-repository/org/apache/tomcat/embed/tomcat-embed-core/9.0.41/tomcat-embed-core-9.0.41.jar:/Users/xiaowei/devTools/Maven/maven-repository/org/glassfish/jakarta.el/3.0.3/jakarta.el-3.0.3.jar:/Users/xiaowei/devTools/Maven/maven-repository/org/apache/tomcat/embed/tomcat-embed-websocket/9.0.41/tomcat-embed-websocket-9.0.41.jar:/Users/xiaowei/devTools/Maven/maven-repository/org/springframework/spring-web/5.3.3/spring-web-5.3.3.jar:/Users/xiaowei/devTools/Maven/maven-repository/org/springframework/spring-beans/5.3.3/spring-beans-5.3.3.jar:/Users/xiaowei/devTools/Maven/maven-repository/org/springframework/spring-webmvc/5.3.3/spring-webmvc-5.3.3.jar:/Users/xiaowei/devTools/Maven/maven-repository/org/springframework/spring-aop/5.3.3/spring-aop-5.3.3.jar:/Users/xiaowei/devTools/Maven/maven-repository/org/springframework/spring-context/5.3.3/spring-context-5.3.3.jar:/Users/xiaowei/devTools/Maven/maven-repository/org/springframework/spring-expression/5.3.3/spring-expression-5.3.3.jar:/Users/xiaowei/devTools/Maven/maven-repository/com/alibaba/cloud/spring-cloud-starter-alibaba-nacos-discovery/2021.1/spring-cloud-starter-alibaba-nacos-discovery-2021.1.jar:/Users/xiaowei/devTools/Maven/maven-repository/com/alibaba/cloud/spring-cloud-alibaba-commons/2021.1/spring-cloud-alibaba-commons-2021.1.jar:/Users/xiaowei/devTools/Maven/maven-repository/com/alibaba/nacos/nacos-client/1.4.1/nacos-client-1.4.1.jar:/Users/xiaowei/devTools/Maven/maven-repository/com/alibaba/nacos/nacos-common/1.4.1/nacos-common-1.4.1.jar:/Users/xiaowei/devTools/Maven/maven-repository/commons-io/commons-io/2.2/commons-io-2.2.jar:/Users/xiaowei/devTools/Maven/maven-repository/org/apache/httpcomponents/httpasyncclient/4.1.4/httpasyncclient-4.1.4.jar:/Users/xiaowei/devTools/Maven/maven-repository/org/apache/httpcomponents/httpcore/4.4.14/httpcore-4.4.14.jar:/Users/xiaowei/devTools/Maven/maven-repository/org/apache/httpcomponents/httpcore-nio/4.4.14/httpcore-nio-4.4.14.jar:/Users/xiaowei/devTools/Maven/maven-repository/org/apache/httpcomponents/httpclient/4.5.13/httpclient-4.5.13.jar:/Users/xiaowei/devTools/Maven/maven-repository/com/alibaba/nacos/nacos-api/1.4.1/nacos-api-1.4.1.jar:/Users/xiaowei/devTools/Maven/maven-repository/com/google/guava/guava/24.1.1-jre/guava-24.1.1-jre.jar:/Users/xiaowei/devTools/Maven/maven-repository/com/google/code/findbugs/jsr305/1.3.9/jsr305-1.3.9.jar:/Users/xiaowei/devTools/Maven/maven-repository/org/checkerframework/checker-compat-qual/2.0.0/checker-compat-qual-2.0.0.jar:/Users/xiaowei/devTools/Maven/maven-repository/com/google/errorprone/error_prone_annotations/2.1.3/error_prone_annotations-2.1.3.jar:/Users/xiaowei/devTools/Maven/maven-repository/com/google/j2objc/j2objc-annotations/1.1/j2objc-annotations-1.1.jar:/Users/xiaowei/devTools/Maven/maven-repository/org/codehaus/mojo/animal-sniffer-annotations/1.14/animal-sniffer-annotations-1.14.jar:/Users/xiaowei/devTools/Maven/maven-repository/com/fasterxml/jackson/core/jackson-core/2.11.4/jackson-core-2.11.4.jar:/Users/xiaowei/devTools/Maven/maven-repository/io/prometheus/simpleclient/0.5.0/simpleclient-0.5.0.jar:/Users/xiaowei/devTools/Maven/maven-repository/com/alibaba/spring/spring-context-support/1.0.10/spring-context-support-1.0.10.jar:/Users/xiaowei/devTools/Maven/maven-repository/org/springframework/cloud/spring-cloud-commons/3.0.1/spring-cloud-commons-3.0.1.jar:/Users/xiaowei/devTools/Maven/maven-repository/org/springframework/security/spring-security-crypto/5.4.2/spring-security-crypto-5.4.2.jar:/Users/xiaowei/devTools/Maven/maven-repository/org/springframework/cloud/spring-cloud-context/3.0.1/spring-cloud-context-3.0.1.jar:/Users/xiaowei/devTools/Maven/maven-repository/org/springframework/cloud/spring-cloud-starter-loadbalancer/3.0.1/spring-cloud-starter-loadbalancer-3.0.1.jar:/Users/xiaowei/devTools/Maven/maven-repository/org/springframework/cloud/spring-cloud-starter/3.0.1/spring-cloud-starter-3.0.1.jar:/Users/xiaowei/devTools/Maven/maven-repository/org/springframework/security/spring-security-rsa/1.0.9.RELEASE/spring-security-rsa-1.0.9.RELEASE.jar:/Users/xiaowei/devTools/Maven/maven-repository/org/bouncycastle/bcpkix-jdk15on/1.64/bcpkix-jdk15on-1.64.jar:/Users/xiaowei/devTools/Maven/maven-repository/org/bouncycastle/bcprov-jdk15on/1.64/bcprov-jdk15on-1.64.jar:/Users/xiaowei/devTools/Maven/maven-repository/org/springframework/cloud/spring-cloud-loadbalancer/3.0.1/spring-cloud-loadbalancer-3.0.1.jar:/Users/xiaowei/devTools/Maven/maven-repository/org/springframework/boot/spring-boot-starter-validation/2.4.2/spring-boot-starter-validation-2.4.2.jar:/Users/xiaowei/devTools/Maven/maven-repository/org/hibernate/validator/hibernate-validator/6.1.7.Final/hibernate-validator-6.1.7.Final.jar:/Users/xiaowei/devTools/Maven/maven-repository/jakarta/validation/jakarta.validation-api/2.0.2/jakarta.validation-api-2.0.2.jar:/Users/xiaowei/devTools/Maven/maven-repository/org/jboss/logging/jboss-logging/3.4.1.Final/jboss-logging-3.4.1.Final.jar:/Users/xiaowei/devTools/Maven/maven-repository/com/fasterxml/classmate/1.5.1/classmate-1.5.1.jar:/Users/xiaowei/devTools/Maven/maven-repository/io/projectreactor/reactor-core/3.4.2/reactor-core-3.4.2.jar:/Users/xiaowei/devTools/Maven/maven-repository/org/reactivestreams/reactive-streams/1.0.3/reactive-streams-1.0.3.jar:/Users/xiaowei/devTools/Maven/maven-repository/io/projectreactor/addons/reactor-extra/3.4.2/reactor-extra-3.4.2.jar:/Users/xiaowei/devTools/Maven/maven-repository/org/springframework/boot/spring-boot-starter-cache/2.4.2/spring-boot-starter-cache-2.4.2.jar:/Users/xiaowei/devTools/Maven/maven-repository/org/springframework/spring-context-support/5.3.3/spring-context-support-5.3.3.jar:/Users/xiaowei/devTools/Maven/maven-repository/com/stoyanr/evictor/1.0.0/evictor-1.0.0.jar:/Users/xiaowei/devTools/Maven/maven-repository/org/springframework/cloud/spring-cloud-starter-openfeign/3.0.1/spring-cloud-starter-openfeign-3.0.1.jar:/Users/xiaowei/devTools/Maven/maven-repository/org/springframework/cloud/spring-cloud-openfeign-core/3.0.1/spring-cloud-openfeign-core-3.0.1.jar:/Users/xiaowei/devTools/Maven/maven-repository/org/springframework/boot/spring-boot-starter-aop/2.4.2/spring-boot-starter-aop-2.4.2.jar:/Users/xiaowei/devTools/Maven/maven-repository/org/aspectj/aspectjweaver/1.9.6/aspectjweaver-1.9.6.jar:/Users/xiaowei/devTools/Maven/maven-repository/io/github/openfeign/form/feign-form-spring/3.8.0/feign-form-spring-3.8.0.jar:/Users/xiaowei/devTools/Maven/maven-repository/io/github/openfeign/form/feign-form/3.8.0/feign-form-3.8.0.jar:/Users/xiaowei/devTools/Maven/maven-repository/commons-fileupload/commons-fileupload/1.4/commons-fileupload-1.4.jar:/Users/xiaowei/devTools/Maven/maven-repository/io/github/openfeign/feign-core/10.10.1/feign-core-10.10.1.jar:/Users/xiaowei/devTools/Maven/maven-repository/io/github/openfeign/feign-slf4j/10.10.1/feign-slf4j-10.10.1.jar:/Users/xiaowei/devTools/Maven/maven-repository/org/slf4j/slf4j-api/1.7.30/slf4j-api-1.7.30.jar:/Users/xiaowei/devTools/Maven/maven-repository/org/springframework/boot/spring-boot-starter-data-redis/2.4.2/spring-boot-starter-data-redis-2.4.2.jar:/Users/xiaowei/devTools/Maven/maven-repository/org/springframework/data/spring-data-redis/2.4.3/spring-data-redis-2.4.3.jar:/Users/xiaowei/devTools/Maven/maven-repository/org/springframework/data/spring-data-keyvalue/2.4.3/spring-data-keyvalue-2.4.3.jar:/Users/xiaowei/devTools/Maven/maven-repository/org/springframework/data/spring-data-commons/2.4.3/spring-data-commons-2.4.3.jar:/Users/xiaowei/devTools/Maven/maven-repository/org/springframework/spring-tx/5.3.3/spring-tx-5.3.3.jar:/Users/xiaowei/devTools/Maven/maven-repository/org/springframework/spring-oxm/5.3.3/spring-oxm-5.3.3.jar:/Users/xiaowei/devTools/Maven/maven-repository/io/lettuce/lettuce-core/6.0.2.RELEASE/lettuce-core-6.0.2.RELEASE.jar:/Users/xiaowei/devTools/Maven/maven-repository/io/netty/netty-common/4.1.58.Final/netty-common-4.1.58.Final.jar:/Users/xiaowei/devTools/Maven/maven-repository/io/netty/netty-handler/4.1.58.Final/netty-handler-4.1.58.Final.jar:/Users/xiaowei/devTools/Maven/maven-repository/io/netty/netty-resolver/4.1.58.Final/netty-resolver-4.1.58.Final.jar:/Users/xiaowei/devTools/Maven/maven-repository/io/netty/netty-buffer/4.1.58.Final/netty-buffer-4.1.58.Final.jar:/Users/xiaowei/devTools/Maven/maven-repository/io/netty/netty-codec/4.1.58.Final/netty-codec-4.1.58.Final.jar:/Users/xiaowei/devTools/Maven/maven-repository/io/netty/netty-transport/4.1.58.Final/netty-transport-4.1.58.Final.jar:/Users/xiaowei/WorkSpace/ideaWorkSpace/online-taxis-public/internal-common/target/internal-common-1.0-SNAPSHOT.jar:/Users/xiaowei/devTools/Maven/maven-repository/org/projectlombok/lombok/1.18.24/lombok-1.18.24.jar:/Users/xiaowei/devTools/Maven/maven-repository/net/sf/json-lib/json-lib/2.4/json-lib-2.4-jdk15.jar:/Users/xiaowei/devTools/Maven/maven-repository/commons-beanutils/commons-beanutils/1.8.0/commons-beanutils-1.8.0.jar:/Users/xiaowei/devTools/Maven/maven-repository/commons-collections/commons-collections/3.2.1/commons-collections-3.2.1.jar:/Users/xiaowei/devTools/Maven/maven-repository/commons-lang/commons-lang/2.5/commons-lang-2.5.jar:/Users/xiaowei/devTools/Maven/maven-repository/commons-logging/commons-logging/1.1.1/commons-logging-1.1.1.jar:/Users/xiaowei/devTools/Maven/maven-repository/net/sf/ezmorph/ezmorph/1.0.6/ezmorph-1.0.6.jar:/Users/xiaowei/devTools/Maven/maven-repository/com/auth0/java-jwt/3.14.0/java-jwt-3.14.0.jar:/Users/xiaowei/devTools/Maven/maven-repository/com/fasterxml/jackson/core/jackson-databind/2.11.4/jackson-databind-2.11.4.jar:/Users/xiaowei/devTools/Maven/maven-repository/com/fasterxml/jackson/core/jackson-annotations/2.11.4/jackson-annotations-2.11.4.jar:/Users/xiaowei/devTools/Maven/maven-repository/commons-codec/commons-codec/1.15/commons-codec-1.15.jar:"/>
    <property name="sun.cpu.endian" value="little"/>
    <property name="user.home" value="/Users/xiaowei"/>
    <property name="user.language" value="zh"/>
    <property name="java.specification.vendor" value="Oracle Corporation"/>
    <property name="java.home" value="/Library/Java/JavaVirtualMachines/jdk1.8.0_351.jdk/Contents/Home/jre"/>
    <property name="basedir" value="/Users/xiaowei/WorkSpace/ideaWorkSpace/online-taxis-public/api-passenger"/>
    <property name="file.separator" value="/"/>
    <property name="line.separator" value="&#10;"/>
    <property name="java.vm.specification.vendor" value="Oracle Corporation"/>
    <property name="java.specification.name" value="Java Platform API Specification"/>
    <property name="java.awt.graphicsenv" value="sun.awt.CGraphicsEnvironment"/>
    <property name="surefire.real.class.path" value="/Users/xiaowei/WorkSpace/ideaWorkSpace/online-taxis-public/api-passenger/target/surefire/surefirebooter7217054419832933724.jar"/>
    <property name="sun.boot.class.path" value="/Library/Java/JavaVirtualMachines/jdk1.8.0_351.jdk/Contents/Home/jre/lib/resources.jar:/Library/Java/JavaVirtualMachines/jdk1.8.0_351.jdk/Contents/Home/jre/lib/rt.jar:/Library/Java/JavaVirtualMachines/jdk1.8.0_351.jdk/Contents/Home/jre/lib/jsse.jar:/Library/Java/JavaVirtualMachines/jdk1.8.0_351.jdk/Contents/Home/jre/lib/jce.jar:/Library/Java/JavaVirtualMachines/jdk1.8.0_351.jdk/Contents/Home/jre/lib/charsets.jar:/Library/Java/JavaVirtualMachines/jdk1.8.0_351.jdk/Contents/Home/jre/lib/jfr.jar:/Library/Java/JavaVirtualMachines/jdk1.8.0_351.jdk/Contents/Home/jre/classes"/>
    <property name="sun.management.compiler" value="HotSpot 64-Bit Tiered Compilers"/>
    <property name="ftp.nonProxyHosts" value="local|*.local|169.254/16|*.169.254/16"/>
    <property name="java.runtime.version" value="1.8.0_351-b10"/>
    <property name="user.name" value="xiaowei"/>
    <property name="path.separator" value=":"/>
    <property name="os.version" value="13.0.1"/>
    <property name="java.endorsed.dirs" value="/Library/Java/JavaVirtualMachines/jdk1.8.0_351.jdk/Contents/Home/jre/lib/endorsed"/>
    <property name="java.runtime.name" value="Java(TM) SE Runtime Environment"/>
    <property name="file.encoding" value="UTF-8"/>
    <property name="java.vm.name" value="Java HotSpot(TM) 64-Bit Server VM"/>
    <property name="localRepository" value="/Users/xiaowei/devTools/Maven/maven-repository"/>
    <property name="java.vendor.url.bug" value="http://bugreport.sun.com/bugreport/"/>
    <property name="java.io.tmpdir" value="/var/folders/nm/jmw_b7ks11v1gthv3j391w1r0000gp/T/"/>
    <property name="idea.version" value="2022.3"/>
    <property name="java.version" value="1.8.0_351"/>
    <property name="user.dir" value="/Users/xiaowei/WorkSpace/ideaWorkSpace/online-taxis-public/api-passenger"/>
    <property name="os.arch" value="x86_64"/>
    <property name="java.vm.specification.name" value="Java Virtual Machine Specification"/>
    <property name="java.awt.printerjob" value="sun.lwawt.macosx.CPrinterJob"/>
    <property name="sun.os.patch.level" value="unknown"/>
    <property name="java.library.path" value="/Users/xiaowei/Library/Java/Extensions:/Library/Java/Extensions:/Network/Library/Java/Extensions:/System/Library/Java/Extensions:/usr/lib/java:."/>
    <property name="java.vm.info" value="mixed mode"/>
    <property name="java.vendor" value="Oracle Corporation"/>
    <property name="java.vm.version" value="25.351-b10"/>
    <property name="java.specification.maintenance.version" value="4"/>
    <property name="java.ext.dirs" value="/Users/xiaowei/Library/Java/Extensions:/Library/Java/JavaVirtualMachines/jdk1.8.0_351.jdk/Contents/Home/jre/lib/ext:/Library/Java/Extensions:/Network/Library/Java/Extensions:/System/Library/Java/Extensions:/usr/lib/java"/>
    <property name="sun.io.unicode.encoding" value="UnicodeBig"/>
    <property name="java.class.version" value="52.0"/>
    <property name="socksNonProxyHosts" value="local|*.local|169.254/16|*.169.254/16"/>
  </properties>
  <testcase name="testApp" classname="com.mashibing.AppTest" time="0.005"/>
</testsuite>