<?xml version="1.0" encoding="UTF-8"?>
<testsuite xmlns:xsi="http://www.w3.org/2001/XMLSchema-instance" xsi:noNamespaceSchemaLocation="https://maven.apache.org/surefire/maven-surefire-plugin/xsd/surefire-test-report.xsd" name="com.mashibing.AppTest" time="0.003" tests="1" errors="0" skipped="0" failures="0">
  <properties>
    <property name="sun.desktop" value="windows"/>
    <property name="awt.toolkit" value="sun.awt.windows.WToolkit"/>
    <property name="file.encoding.pkg" value="sun.io"/>
    <property name="java.specification.version" value="1.8"/>
    <property name="sun.cpu.isalist" value="amd64"/>
    <property name="sun.jnu.encoding" value="GBK"/>
    <property name="java.class.path" value="D:\Java\online-taxis-public\internal-common\target\test-classes;D:\Java\online-taxis-public\internal-common\target\classes;E:\repository\junit\junit\3.8.1\junit-3.8.1.jar;E:\repository\org\projectlombok\lombok\1.18.24\lombok-1.18.24.jar;E:\repository\net\sf\json-lib\json-lib\2.4\json-lib-2.4-jdk15.jar;E:\repository\commons-beanutils\commons-beanutils\1.8.0\commons-beanutils-1.8.0.jar;E:\repository\commons-collections\commons-collections\3.2.1\commons-collections-3.2.1.jar;E:\repository\commons-lang\commons-lang\2.5\commons-lang-2.5.jar;E:\repository\commons-logging\commons-logging\1.1.1\commons-logging-1.1.1.jar;E:\repository\net\sf\ezmorph\ezmorph\1.0.6\ezmorph-1.0.6.jar;"/>
    <property name="java.vm.vendor" value="Oracle Corporation"/>
    <property name="sun.arch.data.model" value="64"/>
    <property name="user.variant" value=""/>
    <property name="java.vendor.url" value="http://java.oracle.com/"/>
    <property name="user.timezone" value="Asia/Shanghai"/>
    <property name="java.vm.specification.version" value="1.8"/>
    <property name="os.name" value="Windows 10"/>
    <property name="user.country" value="CN"/>
    <property name="sun.java.launcher" value="SUN_STANDARD"/>
    <property name="sun.boot.library.path" value="C:\Program Files\Java\jdk1.8.0_101\jre\bin"/>
    <property name="sun.java.command" value="C:\Users\小威\AppData\Local\Temp\surefire1413655120094108531\surefirebooter1239124687075005643.jar C:\Users\小威\AppData\Local\Temp\surefire1413655120094108531 2022-08-21T14-36-43_256-jvmRun1 surefire6883462144754643115tmp surefire_0776511073815848091tmp"/>
    <property name="surefire.test.class.path" value="D:\Java\online-taxis-public\internal-common\target\test-classes;D:\Java\online-taxis-public\internal-common\target\classes;E:\repository\junit\junit\3.8.1\junit-3.8.1.jar;E:\repository\org\projectlombok\lombok\1.18.24\lombok-1.18.24.jar;E:\repository\net\sf\json-lib\json-lib\2.4\json-lib-2.4-jdk15.jar;E:\repository\commons-beanutils\commons-beanutils\1.8.0\commons-beanutils-1.8.0.jar;E:\repository\commons-collections\commons-collections\3.2.1\commons-collections-3.2.1.jar;E:\repository\commons-lang\commons-lang\2.5\commons-lang-2.5.jar;E:\repository\commons-logging\commons-logging\1.1.1\commons-logging-1.1.1.jar;E:\repository\net\sf\ezmorph\ezmorph\1.0.6\ezmorph-1.0.6.jar;"/>
    <property name="sun.cpu.endian" value="little"/>
    <property name="user.home" value="C:\Users\小威"/>
    <property name="user.language" value="zh"/>
    <property name="java.specification.vendor" value="Oracle Corporation"/>
    <property name="java.home" value="C:\Program Files\Java\jdk1.8.0_101\jre"/>
    <property name="basedir" value="D:\Java\online-taxis-public\internal-common"/>
    <property name="file.separator" value="\"/>
    <property name="line.separator" value="&#10;"/>
    <property name="java.vm.specification.vendor" value="Oracle Corporation"/>
    <property name="java.specification.name" value="Java Platform API Specification"/>
    <property name="java.awt.graphicsenv" value="sun.awt.Win32GraphicsEnvironment"/>
    <property name="surefire.real.class.path" value="C:\Users\小威\AppData\Local\Temp\surefire1413655120094108531\surefirebooter1239124687075005643.jar"/>
    <property name="sun.boot.class.path" value="C:\Program Files\Java\jdk1.8.0_101\jre\lib\resources.jar;C:\Program Files\Java\jdk1.8.0_101\jre\lib\rt.jar;C:\Program Files\Java\jdk1.8.0_101\jre\lib\sunrsasign.jar;C:\Program Files\Java\jdk1.8.0_101\jre\lib\jsse.jar;C:\Program Files\Java\jdk1.8.0_101\jre\lib\jce.jar;C:\Program Files\Java\jdk1.8.0_101\jre\lib\charsets.jar;C:\Program Files\Java\jdk1.8.0_101\jre\lib\jfr.jar;C:\Program Files\Java\jdk1.8.0_101\jre\classes"/>
    <property name="user.script" value=""/>
    <property name="sun.management.compiler" value="HotSpot 64-Bit Tiered Compilers"/>
    <property name="java.runtime.version" value="1.8.0_101-b13"/>
    <property name="user.name" value="小威"/>
    <property name="path.separator" value=";"/>
    <property name="os.version" value="10.0"/>
    <property name="java.endorsed.dirs" value="C:\Program Files\Java\jdk1.8.0_101\jre\lib\endorsed"/>
    <property name="java.runtime.name" value="Java(TM) SE Runtime Environment"/>
    <property name="file.encoding" value="GBK"/>
    <property name="java.vm.name" value="Java HotSpot(TM) 64-Bit Server VM"/>
    <property name="localRepository" value="E:\repository"/>
    <property name="java.vendor.url.bug" value="http://bugreport.sun.com/bugreport/"/>
    <property name="java.io.tmpdir" value="C:\Users\小威\AppData\Local\Temp\"/>
    <property name="idea.version" value="2022.2.1"/>
    <property name="java.version" value="1.8.0_101"/>
    <property name="user.dir" value="D:\Java\online-taxis-public\internal-common"/>
    <property name="os.arch" value="amd64"/>
    <property name="java.vm.specification.name" value="Java Virtual Machine Specification"/>
    <property name="java.awt.printerjob" value="sun.awt.windows.WPrinterJob"/>
    <property name="sun.os.patch.level" value=""/>
    <property name="java.library.path" value="C:\Program Files\Java\jdk1.8.0_101\jre\bin;C:\WINDOWS\Sun\Java\bin;C:\WINDOWS\system32;C:\WINDOWS;C:\Program Files (x86)\Razer\ChromaBroadcast\bin;C:\Program Files\Razer\ChromaBroadcast\bin;E:\Program Files (x86)\VMware\VMware Workstation\bin\;C:\Program Files (x86)\Common Files\Oracle\Java\javapath;C:\Program Files\Java\jdk1.8.0_101\bin;C:\Program Files\Java\jdk1.8.0_101\jre\bin;E:\yarn\bin;C:\Windows\system32;C:\Windows;C:\Windows\System32\Wbem;C:\Windows\System32\WindowsPowerShell\v1.0\;C:\Windows\System32\OpenSSH\;C:\Program Files (x86)\NVIDIA Corporation\PhysX\Common;C:\Program Files\NVIDIA Corporation\NVIDIA NvDLISR;C:\Program Files\MySQL\MySQL Server 5.7\bin;E:\Maven\apache-maven-3.6.1\bin;C:\Program Files\MongoDB\Server\4.0\bin;C:\WINDOWS\system32;C:\WINDOWS;C:\WINDOWS\System32\Wbem;C:\WINDOWS\System32\WindowsPowerShell\v1.0\;C:\WINDOWS\System32\OpenSSH\;C:\Program Files\TortoiseSVN\bin;C:\WINDOWS\system32\config\systemprofile\AppData\Local\Microsoft\WindowsApps;E:\Xmanager\Xftp 7\;E:\Xmanager\Xshell 7\;E:\Node.js\;C:\WINDOWS\system32;C:\WINDOWS;C:\WINDOWS\System32\Wbem;C:\WINDOWS\System32\WindowsPowerShell\v1.0\;C:\WINDOWS\System32\OpenSSH\;E:\Git\Git\cmd;D:\Python\Scripts\;D:\Python\;C:\Users\小威\AppData\Local\Microsoft\WindowsApps;E:\Program Files\erl10.4\bin;E:\Rabbitmq\rabbitmq_server-3.7.18\sbin;%SHPLAYER%;C:\Users\小威\AppData\Local\Programs\EmEditor;E:\VSCode\Microsoft VS Code\bin;C:\Users\小威\AppData\Roaming\npm;C:\Users\小威\AppData\Local\JetBrains\Toolbox\scripts;E:\软件目录\QQ游戏大厅\QQGameTempest\Hall.57814\;."/>
    <property name="java.vm.info" value="mixed mode"/>
    <property name="java.vendor" value="Oracle Corporation"/>
    <property name="java.vm.version" value="25.101-b13"/>
    <property name="java.ext.dirs" value="C:\Program Files\Java\jdk1.8.0_101\jre\lib\ext;C:\WINDOWS\Sun\Java\lib\ext"/>
    <property name="sun.io.unicode.encoding" value="UnicodeLittle"/>
    <property name="java.class.version" value="52.0"/>
  </properties>
  <testcase name="testApp" classname="com.mashibing.AppTest" time="0.001"/>
</testsuite>