<?xml version="1.0" encoding="UTF-8"?>
<testsuite xmlns:xsi="http://www.w3.org/2001/XMLSchema-instance" xsi:noNamespaceSchemaLocation="https://maven.apache.org/surefire/maven-surefire-plugin/xsd/surefire-test-report.xsd" name="com.mashibing.AppTest" time="0.01" tests="1" errors="0" skipped="0" failures="0">
  <properties>
    <property name="gopherProxySet" value="false"/>
    <property name="awt.toolkit" value="sun.lwawt.macosx.LWCToolkit"/>
    <property name="file.encoding.pkg" value="sun.io"/>
    <property name="java.specification.version" value="1.8"/>
    <property name="sun.cpu.isalist" value=""/>
    <property name="sun.jnu.encoding" value="UTF-8"/>
    <property name="java.class.path" value="/Users/xiaowei/WorkSpace/ideaWorkSpace/online-taxis-public/internal-common/target/test-classes:/Users/xiaowei/WorkSpace/ideaWorkSpace/online-taxis-public/internal-common/target/classes:/Users/xiaowei/devTools/Maven/maven-repository/junit/junit/3.8.1/junit-3.8.1.jar:/Users/xiaowei/devTools/Maven/maven-repository/org/projectlombok/lombok/1.18.24/lombok-1.18.24.jar:/Users/xiaowei/devTools/Maven/maven-repository/net/sf/json-lib/json-lib/2.4/json-lib-2.4-jdk15.jar:/Users/xiaowei/devTools/Maven/maven-repository/commons-beanutils/commons-beanutils/1.8.0/commons-beanutils-1.8.0.jar:/Users/xiaowei/devTools/Maven/maven-repository/commons-collections/commons-collections/3.2.1/commons-collections-3.2.1.jar:/Users/xiaowei/devTools/Maven/maven-repository/commons-lang/commons-lang/2.5/commons-lang-2.5.jar:/Users/xiaowei/devTools/Maven/maven-repository/commons-logging/commons-logging/1.1.1/commons-logging-1.1.1.jar:/Users/xiaowei/devTools/Maven/maven-repository/net/sf/ezmorph/ezmorph/1.0.6/ezmorph-1.0.6.jar:/Users/xiaowei/devTools/Maven/maven-repository/com/auth0/java-jwt/3.14.0/java-jwt-3.14.0.jar:/Users/xiaowei/devTools/Maven/maven-repository/com/fasterxml/jackson/core/jackson-databind/2.11.4/jackson-databind-2.11.4.jar:/Users/xiaowei/devTools/Maven/maven-repository/com/fasterxml/jackson/core/jackson-annotations/2.11.4/jackson-annotations-2.11.4.jar:/Users/xiaowei/devTools/Maven/maven-repository/com/fasterxml/jackson/core/jackson-core/2.11.4/jackson-core-2.11.4.jar:/Users/xiaowei/devTools/Maven/maven-repository/commons-codec/commons-codec/1.15/commons-codec-1.15.jar:"/>
    <property name="java.vm.vendor" value="Oracle Corporation"/>
    <property name="sun.arch.data.model" value="64"/>
    <property name="java.vendor.url" value="http://java.oracle.com/"/>
    <property name="user.timezone" value=""/>
    <property name="java.vm.specification.version" value="1.8"/>
    <property name="os.name" value="Mac OS X"/>
    <property name="user.country" value="CN"/>
    <property name="sun.java.launcher" value="SUN_STANDARD"/>
    <property name="sun.boot.library.path" value="/Library/Java/JavaVirtualMachines/jdk1.8.0_351.jdk/Contents/Home/jre/lib"/>
    <property name="sun.java.command" value="/Users/xiaowei/WorkSpace/ideaWorkSpace/online-taxis-public/internal-common/target/surefire/surefirebooter1223734628790341633.jar /Users/xiaowei/WorkSpace/ideaWorkSpace/online-taxis-public/internal-common/target/surefire 2022-12-04T15-28-07_821-jvmRun1 surefire8157376725552508808tmp surefire_02970272703211548804tmp"/>
    <property name="http.nonProxyHosts" value="local|*.local|169.254/16|*.169.254/16"/>
    <property name="surefire.test.class.path" value="/Users/xiaowei/WorkSpace/ideaWorkSpace/online-taxis-public/internal-common/target/test-classes:/Users/xiaowei/WorkSpace/ideaWorkSpace/online-taxis-public/internal-common/target/classes:/Users/xiaowei/devTools/Maven/maven-repository/junit/junit/3.8.1/junit-3.8.1.jar:/Users/xiaowei/devTools/Maven/maven-repository/org/projectlombok/lombok/1.18.24/lombok-1.18.24.jar:/Users/xiaowei/devTools/Maven/maven-repository/net/sf/json-lib/json-lib/2.4/json-lib-2.4-jdk15.jar:/Users/xiaowei/devTools/Maven/maven-repository/commons-beanutils/commons-beanutils/1.8.0/commons-beanutils-1.8.0.jar:/Users/xiaowei/devTools/Maven/maven-repository/commons-collections/commons-collections/3.2.1/commons-collections-3.2.1.jar:/Users/xiaowei/devTools/Maven/maven-repository/commons-lang/commons-lang/2.5/commons-lang-2.5.jar:/Users/xiaowei/devTools/Maven/maven-repository/commons-logging/commons-logging/1.1.1/commons-logging-1.1.1.jar:/Users/xiaowei/devTools/Maven/maven-repository/net/sf/ezmorph/ezmorph/1.0.6/ezmorph-1.0.6.jar:/Users/xiaowei/devTools/Maven/maven-repository/com/auth0/java-jwt/3.14.0/java-jwt-3.14.0.jar:/Users/xiaowei/devTools/Maven/maven-repository/com/fasterxml/jackson/core/jackson-databind/2.11.4/jackson-databind-2.11.4.jar:/Users/xiaowei/devTools/Maven/maven-repository/com/fasterxml/jackson/core/jackson-annotations/2.11.4/jackson-annotations-2.11.4.jar:/Users/xiaowei/devTools/Maven/maven-repository/com/fasterxml/jackson/core/jackson-core/2.11.4/jackson-core-2.11.4.jar:/Users/xiaowei/devTools/Maven/maven-repository/commons-codec/commons-codec/1.15/commons-codec-1.15.jar:"/>
    <property name="sun.cpu.endian" value="little"/>
    <property name="user.home" value="/Users/xiaowei"/>
    <property name="user.language" value="zh"/>
    <property name="java.specification.vendor" value="Oracle Corporation"/>
    <property name="java.home" value="/Library/Java/JavaVirtualMachines/jdk1.8.0_351.jdk/Contents/Home/jre"/>
    <property name="basedir" value="/Users/xiaowei/WorkSpace/ideaWorkSpace/online-taxis-public/internal-common"/>
    <property name="file.separator" value="/"/>
    <property name="line.separator" value="&#10;"/>
    <property name="java.vm.specification.vendor" value="Oracle Corporation"/>
    <property name="java.specification.name" value="Java Platform API Specification"/>
    <property name="java.awt.graphicsenv" value="sun.awt.CGraphicsEnvironment"/>
    <property name="surefire.real.class.path" value="/Users/xiaowei/WorkSpace/ideaWorkSpace/online-taxis-public/internal-common/target/surefire/surefirebooter1223734628790341633.jar"/>
    <property name="sun.boot.class.path" value="/Library/Java/JavaVirtualMachines/jdk1.8.0_351.jdk/Contents/Home/jre/lib/resources.jar:/Library/Java/JavaVirtualMachines/jdk1.8.0_351.jdk/Contents/Home/jre/lib/rt.jar:/Library/Java/JavaVirtualMachines/jdk1.8.0_351.jdk/Contents/Home/jre/lib/jsse.jar:/Library/Java/JavaVirtualMachines/jdk1.8.0_351.jdk/Contents/Home/jre/lib/jce.jar:/Library/Java/JavaVirtualMachines/jdk1.8.0_351.jdk/Contents/Home/jre/lib/charsets.jar:/Library/Java/JavaVirtualMachines/jdk1.8.0_351.jdk/Contents/Home/jre/lib/jfr.jar:/Library/Java/JavaVirtualMachines/jdk1.8.0_351.jdk/Contents/Home/jre/classes"/>
    <property name="sun.management.compiler" value="HotSpot 64-Bit Tiered Compilers"/>
    <property name="ftp.nonProxyHosts" value="local|*.local|169.254/16|*.169.254/16"/>
    <property name="java.runtime.version" value="1.8.0_351-b10"/>
    <property name="user.name" value="xiaowei"/>
    <property name="path.separator" value=":"/>
    <property name="os.version" value="13.0.1"/>
    <property name="java.endorsed.dirs" value="/Library/Java/JavaVirtualMachines/jdk1.8.0_351.jdk/Contents/Home/jre/lib/endorsed"/>
    <property name="java.runtime.name" value="Java(TM) SE Runtime Environment"/>
    <property name="file.encoding" value="UTF-8"/>
    <property name="java.vm.name" value="Java HotSpot(TM) 64-Bit Server VM"/>
    <property name="localRepository" value="/Users/xiaowei/devTools/Maven/maven-repository"/>
    <property name="java.vendor.url.bug" value="http://bugreport.sun.com/bugreport/"/>
    <property name="java.io.tmpdir" value="/var/folders/nm/jmw_b7ks11v1gthv3j391w1r0000gp/T/"/>
    <property name="idea.version" value="2022.3"/>
    <property name="java.version" value="1.8.0_351"/>
    <property name="user.dir" value="/Users/xiaowei/WorkSpace/ideaWorkSpace/online-taxis-public/internal-common"/>
    <property name="os.arch" value="x86_64"/>
    <property name="java.vm.specification.name" value="Java Virtual Machine Specification"/>
    <property name="java.awt.printerjob" value="sun.lwawt.macosx.CPrinterJob"/>
    <property name="sun.os.patch.level" value="unknown"/>
    <property name="java.library.path" value="/Users/xiaowei/Library/Java/Extensions:/Library/Java/Extensions:/Network/Library/Java/Extensions:/System/Library/Java/Extensions:/usr/lib/java:."/>
    <property name="java.vm.info" value="mixed mode"/>
    <property name="java.vendor" value="Oracle Corporation"/>
    <property name="java.vm.version" value="25.351-b10"/>
    <property name="java.specification.maintenance.version" value="4"/>
    <property name="java.ext.dirs" value="/Users/xiaowei/Library/Java/Extensions:/Library/Java/JavaVirtualMachines/jdk1.8.0_351.jdk/Contents/Home/jre/lib/ext:/Library/Java/Extensions:/Network/Library/Java/Extensions:/System/Library/Java/Extensions:/usr/lib/java"/>
    <property name="sun.io.unicode.encoding" value="UnicodeBig"/>
    <property name="java.class.version" value="52.0"/>
    <property name="socksNonProxyHosts" value="local|*.local|169.254/16|*.169.254/16"/>
  </properties>
  <testcase name="testApp" classname="com.mashibing.AppTest" time="0.001"/>
</testsuite>